<?xml version="1.0" encoding="UTF-8"?>
<!-- Generated by org.testng.reporters.JUnitXMLReporter -->
<testsuite hostname="DESKTOP-I44V9O6" ignored="0" name="FreeCrmTestCases" tests="2" failures="1" timestamp="26 Apr 2018 08:48:18 GMT" time="18.105" errors="0">
  <testcase name="launchUrlTest" time="18.052" classname="com.Qa.test.LoginTestNew"/>
  <testcase name="LoginTest" time="0.0" classname="com.Qa.test.LoginTestNew">
    <failure type="org.testng.TestNGException" message="
Parameter &amp;apos; username&amp;apos; is required by @Test on method LoginTest but has not been marked @Optional or defined
in D:\programming\seleniumprogramming\MavenDemoTest\testng.xml">
      <![CDATA[org.testng.TestNGException: 
Parameter ' username' is required by @Test on method LoginTest but has not been marked @Optional or defined
in D:\programming\seleniumprogramming\MavenDemoTest\testng.xml
... Removed 24 stack frames]]>
    </failure>
  </testcase> <!-- LoginTest -->
</testsuite> <!-- FreeCrmTestCases -->
